{"level":"info","message":"Servidor corriendose en el puerto 5100","timestamp":"2026-04-15T16:17:52.223Z"}
{"level":"info","message":"Servidor corriendose en el puerto 5100","timestamp":"2026-04-15T16:53:52.967Z"}
{"level":"info","message":"Servidor corriendose en el puerto 5100","timestamp":"2026-04-15T16:53:54.040Z"}
{"level":"info","message":"Servidor corriendose en el puerto 5100","timestamp":"2026-04-15T17:21:37.718Z"}
{"level":"info","message":"Servidor corriendose en el puerto 5100","timestamp":"2026-04-15T17:41:59.159Z"}
{"level":"info","message":"Servidor corriendose en el puerto 5100","timestamp":"2026-04-15T17:42:00.589Z"}
{"level":"info","message":"Servidor corriendose en el puerto 5100","timestamp":"2026-04-15T17:44:54.639Z"}
{"level":"info","message":"Incoming request: POST /api/logs","timestamp":"2026-04-15T17:47:11.308Z"}
{"details":"{\"_id\":\"69c406ff2da8eb819efff38c\",\"nom\":\"Joel\",\"cognom1\":\"Perez\",\"cognom2\":\"Gomez del Pulgar\",\"email\":\"adaw24jperez@inslaferreria.cat\",\"username\":\"Miniboo\",\"imatge\":\"https://lh3.googleusercontent.com/a/ACg8ocLxOFriOf3_u7DSRedxjDOWhBAKCG9WHGYzHmdtyz2zCjWd3Yg=s360-c-no\",\"rol\":\"admin\",\"createdAt\":\"2026-03-25T16:02:07.374Z\",\"updatedAt\":\"2026-04-13T13:24:45.917Z\",\"__v\":0,\"token\":\"eyJhbGciOiJIUzI1NiIsInR5cCI6IkpXVCJ9.eyJlbWFpbCI6ImFkYXcyNGpwZXJlekBpbnNsYWZlcnJlcmlhLmNhdCIsImlhdCI6MTc3NjA4ODkyNCwiZXhwIjoxNzc2MDg5ODI0fQ.zDxBT-2oh-TrWe5tZG5vj0xxM-1erb_ntz3UtjUQDuI\"}","level":"info","message":"[FRONTEND] Lobby localStorage data","timestamp":"2026-04-15T17:47:11.311Z"}
{"level":"info","message":"Incoming request: POST /api/logs","timestamp":"2026-04-15T17:47:11.327Z"}
{"details":{"__v":0,"_id":"69c406ff2da8eb819efff38c","cognom1":"Perez","cognom2":"Gomez del Pulgar","createdAt":"2026-03-25T16:02:07.374Z","email":"adaw24jperez@inslaferreria.cat","imatge":"https://lh3.googleusercontent.com/a/ACg8ocLxOFriOf3_u7DSRedxjDOWhBAKCG9WHGYzHmdtyz2zCjWd3Yg=s360-c-no","nom":"Joel","rol":"admin","token":"eyJhbGciOiJIUzI1NiIsInR5cCI6IkpXVCJ9.eyJlbWFpbCI6ImFkYXcyNGpwZXJlekBpbnNsYWZlcnJlcmlhLmNhdCIsImlhdCI6MTc3NjA4ODkyNCwiZXhwIjoxNzc2MDg5ODI0fQ.zDxBT-2oh-TrWe5tZG5vj0xxM-1erb_ntz3UtjUQDuI","updatedAt":"2026-04-13T13:24:45.917Z","username":"Miniboo"},"level":"info","message":"[FRONTEND] Parsed Lobby data","timestamp":"2026-04-15T17:47:11.329Z"}
{"level":"info","message":"Incoming request: POST /api/logs","timestamp":"2026-04-15T17:47:11.331Z"}
{"details":"admin","level":"info","message":"[FRONTEND] Current role in Lobby","timestamp":"2026-04-15T17:47:11.332Z"}
{"level":"info","message":"Incoming request: GET /api/dashboard","timestamp":"2026-04-15T17:47:11.348Z"}
{"level":"info","message":"Servidor corriendose en el puerto 5100","timestamp":"2026-04-15T17:47:13.648Z"}
{"level":"info","message":"Incoming request: POST /api/logs","timestamp":"2026-04-15T17:47:13.851Z"}
{"details":{"error":{"error":"Token no válido"},"headers":{"lazyUpdate":null,"normalizedNames":{}},"message":"Http failure response for http://localhost:5100/api/dashboard: 401 Unauthorized","name":"HttpErrorResponse","ok":false,"status":401,"statusText":"Unauthorized","url":"http://localhost:5100/api/dashboard"},"level":"error","message":"[FRONTEND] Error loading dashboard data","timestamp":"2026-04-15T17:47:13.853Z"}
{"level":"info","message":"Servidor corriendose en el puerto 5100","timestamp":"2026-04-15T17:58:50.832Z"}
{"level":"info","message":"Servidor corriendose en el puerto 5100","timestamp":"2026-04-20T13:17:39.713Z"}
{"level":"info","message":"Servidor corriendose en el puerto 5100","timestamp":"2026-04-20T13:17:40.725Z"}
{"level":"info","message":"Incoming request: POST /api/login","timestamp":"2026-04-20T13:17:51.878Z"}
{"level":"info","message":"Login correcto: Miniboo","timestamp":"2026-04-20T13:17:52.039Z"}
{"level":"info","message":"Servidor corriendose en el puerto 5100","timestamp":"2026-04-20T13:17:53.031Z"}
{"level":"info","message":"Incoming request: POST /api/logs","timestamp":"2026-04-20T13:17:53.163Z"}
{"details":"{\"_id\":\"69c406ff2da8eb819efff38c\",\"nom\":\"Joel\",\"cognom1\":\"Perez\",\"cognom2\":\"Gomez del Pulgar\",\"email\":\"adaw24jperez@inslaferreria.cat\",\"username\":\"Miniboo\",\"imatge\":\"https://lh3.googleusercontent.com/a/ACg8ocLxOFriOf3_u7DSRedxjDOWhBAKCG9WHGYzHmdtyz2zCjWd3Yg=s360-c-no\",\"rol\":\"admin\",\"createdAt\":\"2026-03-25T16:02:07.374Z\",\"updatedAt\":\"2026-04-13T13:24:45.917Z\",\"__v\":0,\"token\":\"eyJhbGciOiJIUzI1NiIsInR5cCI6IkpXVCJ9.eyJpZCI6IjY5YzQwNmZmMmRhOGViODE5ZWZmZjM4YyIsInJvbCI6ImFkbWluIiwiaWF0IjoxNzc2NjkxMDcyLCJleHAiOjE3NzY2OTE5NzJ9.gkPo5r0Hr6TEWAzYrMGWa1XWO1LdCTsnoxRV5EK0gkw\"}","level":"info","message":"[FRONTEND] Lobby localStorage data","timestamp":"2026-04-20T13:17:53.164Z"}
{"level":"info","message":"Incoming request: POST /api/logs","timestamp":"2026-04-20T13:17:53.168Z"}
{"details":"admin","level":"info","message":"[FRONTEND] Current role in Lobby","timestamp":"2026-04-20T13:17:53.168Z"}
{"level":"info","message":"Incoming request: POST /api/logs","timestamp":"2026-04-20T13:17:53.171Z"}
{"details":{"__v":0,"_id":"69c406ff2da8eb819efff38c","cognom1":"Perez","cognom2":"Gomez del Pulgar","createdAt":"2026-03-25T16:02:07.374Z","email":"adaw24jperez@inslaferreria.cat","imatge":"https://lh3.googleusercontent.com/a/ACg8ocLxOFriOf3_u7DSRedxjDOWhBAKCG9WHGYzHmdtyz2zCjWd3Yg=s360-c-no","nom":"Joel","rol":"admin","token":"eyJhbGciOiJIUzI1NiIsInR5cCI6IkpXVCJ9.eyJpZCI6IjY5YzQwNmZmMmRhOGViODE5ZWZmZjM4YyIsInJvbCI6ImFkbWluIiwiaWF0IjoxNzc2NjkxMDcyLCJleHAiOjE3NzY2OTE5NzJ9.gkPo5r0Hr6TEWAzYrMGWa1XWO1LdCTsnoxRV5EK0gkw","updatedAt":"2026-04-13T13:24:45.917Z","username":"Miniboo"},"level":"info","message":"[FRONTEND] Parsed Lobby data","timestamp":"2026-04-20T13:17:53.172Z"}
{"level":"info","message":"Incoming request: GET /api/dashboard","timestamp":"2026-04-20T13:17:53.172Z"}
{"level":"info","message":"Incoming request: GET /api/user","timestamp":"2026-04-20T13:17:57.160Z"}
{"level":"info","message":"Incoming request: PUT /api/user/69c406ff2da8eb819efff38c","timestamp":"2026-04-20T13:18:27.283Z"}
{"level":"error","message":"Error actualizando usuario 69c406ff2da8eb819efff38c: Error en Cloudinary: Upload preset not found","timestamp":"2026-04-20T13:18:28.380Z"}
{"level":"info","message":"Incoming request: PUT /api/user/69c406ff2da8eb819efff38c","timestamp":"2026-04-20T13:18:42.298Z"}
{"level":"error","message":"Error actualizando usuario 69c406ff2da8eb819efff38c: Error en Cloudinary: Upload preset not found","timestamp":"2026-04-20T13:18:43.287Z"}
{"level":"info","message":"Incoming request: PUT /api/user/69c406ff2da8eb819efff38c","timestamp":"2026-04-20T13:20:22.441Z"}
{"level":"error","message":"Error actualizando usuario 69c406ff2da8eb819efff38c: Error en Cloudinary: Upload preset not found","timestamp":"2026-04-20T13:20:23.477Z"}
{"level":"info","message":"Incoming request: POST /api/logs","timestamp":"2026-04-20T13:20:26.684Z"}
{"details":"{\"_id\":\"69c406ff2da8eb819efff38c\",\"nom\":\"Joel\",\"cognom1\":\"Perez\",\"cognom2\":\"Gomez del Pulgar\",\"email\":\"adaw24jperez@inslaferreria.cat\",\"username\":\"Miniboo\",\"imatge\":\"https://lh3.googleusercontent.com/a/ACg8ocLxOFriOf3_u7DSRedxjDOWhBAKCG9WHGYzHmdtyz2zCjWd3Yg=s360-c-no\",\"rol\":\"admin\",\"createdAt\":\"2026-03-25T16:02:07.374Z\",\"updatedAt\":\"2026-04-13T13:24:45.917Z\",\"__v\":0,\"token\":\"eyJhbGciOiJIUzI1NiIsInR5cCI6IkpXVCJ9.eyJpZCI6IjY5YzQwNmZmMmRhOGViODE5ZWZmZjM4YyIsInJvbCI6ImFkbWluIiwiaWF0IjoxNzc2NjkxMDcyLCJleHAiOjE3NzY2OTE5NzJ9.gkPo5r0Hr6TEWAzYrMGWa1XWO1LdCTsnoxRV5EK0gkw\"}","level":"info","message":"[FRONTEND] Lobby localStorage data","timestamp":"2026-04-20T13:20:26.685Z"}
{"level":"info","message":"Incoming request: POST /api/logs","timestamp":"2026-04-20T13:20:26.687Z"}
{"details":{"__v":0,"_id":"69c406ff2da8eb819efff38c","cognom1":"Perez","cognom2":"Gomez del Pulgar","createdAt":"2026-03-25T16:02:07.374Z","email":"adaw24jperez@inslaferreria.cat","imatge":"https://lh3.googleusercontent.com/a/ACg8ocLxOFriOf3_u7DSRedxjDOWhBAKCG9WHGYzHmdtyz2zCjWd3Yg=s360-c-no","nom":"Joel","rol":"admin","token":"eyJhbGciOiJIUzI1NiIsInR5cCI6IkpXVCJ9.eyJpZCI6IjY5YzQwNmZmMmRhOGViODE5ZWZmZjM4YyIsInJvbCI6ImFkbWluIiwiaWF0IjoxNzc2NjkxMDcyLCJleHAiOjE3NzY2OTE5NzJ9.gkPo5r0Hr6TEWAzYrMGWa1XWO1LdCTsnoxRV5EK0gkw","updatedAt":"2026-04-13T13:24:45.917Z","username":"Miniboo"},"level":"info","message":"[FRONTEND] Parsed Lobby data","timestamp":"2026-04-20T13:20:26.688Z"}
{"level":"info","message":"Incoming request: POST /api/logs","timestamp":"2026-04-20T13:20:26.694Z"}
{"details":"admin","level":"info","message":"[FRONTEND] Current role in Lobby","timestamp":"2026-04-20T13:20:26.695Z"}
{"level":"info","message":"Incoming request: GET /api/user","timestamp":"2026-04-20T13:20:26.713Z"}
{"level":"info","message":"Incoming request: PUT /api/user/69c406ff2da8eb819efff38c","timestamp":"2026-04-20T13:20:31.158Z"}
{"level":"error","message":"Error actualizando usuario 69c406ff2da8eb819efff38c: Error en Cloudinary: Upload preset not found","timestamp":"2026-04-20T13:20:32.135Z"}
{"level":"info","message":"Servidor corriendose en el puerto 5100","timestamp":"2026-04-20T13:20:41.429Z"}
{"level":"info","message":"Incoming request: POST /api/logs","timestamp":"2026-04-20T13:21:06.040Z"}
{"details":"{\"_id\":\"69c406ff2da8eb819efff38c\",\"nom\":\"Joel\",\"cognom1\":\"Perez\",\"cognom2\":\"Gomez del Pulgar\",\"email\":\"adaw24jperez@inslaferreria.cat\",\"username\":\"Miniboo\",\"imatge\":\"https://lh3.googleusercontent.com/a/ACg8ocLxOFriOf3_u7DSRedxjDOWhBAKCG9WHGYzHmdtyz2zCjWd3Yg=s360-c-no\",\"rol\":\"admin\",\"createdAt\":\"2026-03-25T16:02:07.374Z\",\"updatedAt\":\"2026-04-13T13:24:45.917Z\",\"__v\":0,\"token\":\"eyJhbGciOiJIUzI1NiIsInR5cCI6IkpXVCJ9.eyJpZCI6IjY5YzQwNmZmMmRhOGViODE5ZWZmZjM4YyIsInJvbCI6ImFkbWluIiwiaWF0IjoxNzc2NjkxMDcyLCJleHAiOjE3NzY2OTE5NzJ9.gkPo5r0Hr6TEWAzYrMGWa1XWO1LdCTsnoxRV5EK0gkw\"}","level":"info","message":"[FRONTEND] Lobby localStorage data","timestamp":"2026-04-20T13:21:06.042Z"}
{"level":"info","message":"Incoming request: POST /api/logs","timestamp":"2026-04-20T13:21:06.046Z"}
{"details":{"__v":0,"_id":"69c406ff2da8eb819efff38c","cognom1":"Perez","cognom2":"Gomez del Pulgar","createdAt":"2026-03-25T16:02:07.374Z","email":"adaw24jperez@inslaferreria.cat","imatge":"https://lh3.googleusercontent.com/a/ACg8ocLxOFriOf3_u7DSRedxjDOWhBAKCG9WHGYzHmdtyz2zCjWd3Yg=s360-c-no","nom":"Joel","rol":"admin","token":"eyJhbGciOiJIUzI1NiIsInR5cCI6IkpXVCJ9.eyJpZCI6IjY5YzQwNmZmMmRhOGViODE5ZWZmZjM4YyIsInJvbCI6ImFkbWluIiwiaWF0IjoxNzc2NjkxMDcyLCJleHAiOjE3NzY2OTE5NzJ9.gkPo5r0Hr6TEWAzYrMGWa1XWO1LdCTsnoxRV5EK0gkw","updatedAt":"2026-04-13T13:24:45.917Z","username":"Miniboo"},"level":"info","message":"[FRONTEND] Parsed Lobby data","timestamp":"2026-04-20T13:21:06.047Z"}
{"level":"info","message":"Incoming request: POST /api/logs","timestamp":"2026-04-20T13:21:06.049Z"}
{"details":"admin","level":"info","message":"[FRONTEND] Current role in Lobby","timestamp":"2026-04-20T13:21:06.050Z"}
{"level":"info","message":"Incoming request: GET /api/user","timestamp":"2026-04-20T13:21:06.052Z"}
{"level":"info","message":"Incoming request: PUT /api/user/69c406ff2da8eb819efff38c","timestamp":"2026-04-20T13:21:10.263Z"}
{"level":"info","message":"Usuario actualizado: 69c406ff2da8eb819efff38c","timestamp":"2026-04-20T13:21:11.407Z"}
{"level":"info","message":"Incoming request: GET /api/user","timestamp":"2026-04-20T13:21:11.419Z"}
{"level":"info","message":"Incoming request: PUT /api/user/69c408ab50ae17753f8a0b00","timestamp":"2026-04-20T13:22:41.679Z"}
{"level":"info","message":"Usuario actualizado: 69c408ab50ae17753f8a0b00","timestamp":"2026-04-20T13:22:43.070Z"}
{"level":"info","message":"Incoming request: GET /api/user","timestamp":"2026-04-20T13:22:43.087Z"}
{"level":"info","message":"Incoming request: POST /api/logs","timestamp":"2026-04-20T13:26:03.960Z"}
{"details":"{\"_id\":\"69c406ff2da8eb819efff38c\",\"nom\":\"Joel\",\"cognom1\":\"Perez\",\"cognom2\":\"Gomez del Pulgar\",\"email\":\"adaw24jperez@inslaferreria.cat\",\"username\":\"Miniboo\",\"imatge\":\"https://lh3.googleusercontent.com/a/ACg8ocLxOFriOf3_u7DSRedxjDOWhBAKCG9WHGYzHmdtyz2zCjWd3Yg=s360-c-no\",\"rol\":\"admin\",\"createdAt\":\"2026-03-25T16:02:07.374Z\",\"updatedAt\":\"2026-04-13T13:24:45.917Z\",\"__v\":0,\"token\":\"eyJhbGciOiJIUzI1NiIsInR5cCI6IkpXVCJ9.eyJpZCI6IjY5YzQwNmZmMmRhOGViODE5ZWZmZjM4YyIsInJvbCI6ImFkbWluIiwiaWF0IjoxNzc2NjkxMDcyLCJleHAiOjE3NzY2OTE5NzJ9.gkPo5r0Hr6TEWAzYrMGWa1XWO1LdCTsnoxRV5EK0gkw\"}","level":"info","message":"[FRONTEND] Lobby localStorage data","timestamp":"2026-04-20T13:26:03.961Z"}
{"level":"info","message":"Incoming request: POST /api/logs","timestamp":"2026-04-20T13:26:03.963Z"}
{"details":{"__v":0,"_id":"69c406ff2da8eb819efff38c","cognom1":"Perez","cognom2":"Gomez del Pulgar","createdAt":"2026-03-25T16:02:07.374Z","email":"adaw24jperez@inslaferreria.cat","imatge":"https://lh3.googleusercontent.com/a/ACg8ocLxOFriOf3_u7DSRedxjDOWhBAKCG9WHGYzHmdtyz2zCjWd3Yg=s360-c-no","nom":"Joel","rol":"admin","token":"eyJhbGciOiJIUzI1NiIsInR5cCI6IkpXVCJ9.eyJpZCI6IjY5YzQwNmZmMmRhOGViODE5ZWZmZjM4YyIsInJvbCI6ImFkbWluIiwiaWF0IjoxNzc2NjkxMDcyLCJleHAiOjE3NzY2OTE5NzJ9.gkPo5r0Hr6TEWAzYrMGWa1XWO1LdCTsnoxRV5EK0gkw","updatedAt":"2026-04-13T13:24:45.917Z","username":"Miniboo"},"level":"info","message":"[FRONTEND] Parsed Lobby data","timestamp":"2026-04-20T13:26:03.964Z"}
{"level":"info","message":"Incoming request: POST /api/logs","timestamp":"2026-04-20T13:26:03.966Z"}
{"details":"admin","level":"info","message":"[FRONTEND] Current role in Lobby","timestamp":"2026-04-20T13:26:03.967Z"}
{"level":"info","message":"Incoming request: POST /api/login","timestamp":"2026-04-20T13:30:21.199Z"}
{"level":"info","message":"Login correcto: Miniboo","timestamp":"2026-04-20T13:30:21.244Z"}
{"level":"info","message":"Incoming request: POST /api/logs","timestamp":"2026-04-20T13:30:21.343Z"}
{"details":"{\"_id\":\"69c406ff2da8eb819efff38c\",\"nom\":\"Joel\",\"cognom1\":\"Perez\",\"cognom2\":\"Gomez del Pulgar\",\"email\":\"adaw24jperez@inslaferreria.cat\",\"username\":\"Miniboo\",\"imatge\":\"https://res.cloudinary.com/dcknfjzss/image/upload/v1776691271/bvcxjwv4hsfcqxvwr6v4.jpg\",\"rol\":\"admin\",\"createdAt\":\"2026-03-25T16:02:07.374Z\",\"updatedAt\":\"2026-04-20T13:21:11.352Z\",\"__v\":0,\"token\":\"eyJhbGciOiJIUzI1NiIsInR5cCI6IkpXVCJ9.eyJpZCI6IjY5YzQwNmZmMmRhOGViODE5ZWZmZjM4YyIsInJvbCI6ImFkbWluIiwiaWF0IjoxNzc2NjkxODIxLCJleHAiOjE3NzY2OTI3MjF9.tAmQQk-B0xzy4MymAUFvC0IEP7F43BmOk69UxCwa13c\"}","level":"info","message":"[FRONTEND] Lobby localStorage data","timestamp":"2026-04-20T13:30:21.343Z"}
{"level":"info","message":"Incoming request: POST /api/logs","timestamp":"2026-04-20T13:30:21.348Z"}
{"details":{"__v":0,"_id":"69c406ff2da8eb819efff38c","cognom1":"Perez","cognom2":"Gomez del Pulgar","createdAt":"2026-03-25T16:02:07.374Z","email":"adaw24jperez@inslaferreria.cat","imatge":"https://res.cloudinary.com/dcknfjzss/image/upload/v1776691271/bvcxjwv4hsfcqxvwr6v4.jpg","nom":"Joel","rol":"admin","token":"eyJhbGciOiJIUzI1NiIsInR5cCI6IkpXVCJ9.eyJpZCI6IjY5YzQwNmZmMmRhOGViODE5ZWZmZjM4YyIsInJvbCI6ImFkbWluIiwiaWF0IjoxNzc2NjkxODIxLCJleHAiOjE3NzY2OTI3MjF9.tAmQQk-B0xzy4MymAUFvC0IEP7F43BmOk69UxCwa13c","updatedAt":"2026-04-20T13:21:11.352Z","username":"Miniboo"},"level":"info","message":"[FRONTEND] Parsed Lobby data","timestamp":"2026-04-20T13:30:21.349Z"}
{"level":"info","message":"Incoming request: POST /api/logs","timestamp":"2026-04-20T13:30:21.352Z"}
{"details":"admin","level":"info","message":"[FRONTEND] Current role in Lobby","timestamp":"2026-04-20T13:30:21.353Z"}
{"level":"info","message":"Incoming request: GET /api/dashboard","timestamp":"2026-04-20T13:30:21.358Z"}
{"level":"info","message":"Incoming request: POST /api/logs","timestamp":"2026-04-20T13:30:49.410Z"}
{"details":"{\"_id\":\"69c406ff2da8eb819efff38c\",\"nom\":\"Joel\",\"cognom1\":\"Perez\",\"cognom2\":\"Gomez del Pulgar\",\"email\":\"adaw24jperez@inslaferreria.cat\",\"username\":\"Miniboo\",\"imatge\":\"https://res.cloudinary.com/dcknfjzss/image/upload/v1776691271/bvcxjwv4hsfcqxvwr6v4.jpg\",\"rol\":\"admin\",\"createdAt\":\"2026-03-25T16:02:07.374Z\",\"updatedAt\":\"2026-04-20T13:21:11.352Z\",\"__v\":0,\"token\":\"eyJhbGciOiJIUzI1NiIsInR5cCI6IkpXVCJ9.eyJpZCI6IjY5YzQwNmZmMmRhOGViODE5ZWZmZjM4YyIsInJvbCI6ImFkbWluIiwiaWF0IjoxNzc2NjkxODIxLCJleHAiOjE3NzY2OTI3MjF9.tAmQQk-B0xzy4MymAUFvC0IEP7F43BmOk69UxCwa13c\"}","level":"info","message":"[FRONTEND] Lobby localStorage data","timestamp":"2026-04-20T13:30:49.411Z"}
{"level":"info","message":"Incoming request: POST /api/logs","timestamp":"2026-04-20T13:30:49.417Z"}
{"details":{"__v":0,"_id":"69c406ff2da8eb819efff38c","cognom1":"Perez","cognom2":"Gomez del Pulgar","createdAt":"2026-03-25T16:02:07.374Z","email":"adaw24jperez@inslaferreria.cat","imatge":"https://res.cloudinary.com/dcknfjzss/image/upload/v1776691271/bvcxjwv4hsfcqxvwr6v4.jpg","nom":"Joel","rol":"admin","token":"eyJhbGciOiJIUzI1NiIsInR5cCI6IkpXVCJ9.eyJpZCI6IjY5YzQwNmZmMmRhOGViODE5ZWZmZjM4YyIsInJvbCI6ImFkbWluIiwiaWF0IjoxNzc2NjkxODIxLCJleHAiOjE3NzY2OTI3MjF9.tAmQQk-B0xzy4MymAUFvC0IEP7F43BmOk69UxCwa13c","updatedAt":"2026-04-20T13:21:11.352Z","username":"Miniboo"},"level":"info","message":"[FRONTEND] Parsed Lobby data","timestamp":"2026-04-20T13:30:49.418Z"}
{"level":"info","message":"Incoming request: POST /api/logs","timestamp":"2026-04-20T13:30:49.419Z"}
{"details":"admin","level":"info","message":"[FRONTEND] Current role in Lobby","timestamp":"2026-04-20T13:30:49.420Z"}
{"level":"info","message":"Incoming request: GET /api/dashboard","timestamp":"2026-04-20T13:30:49.428Z"}
{"level":"info","message":"Incoming request: POST /api/logs","timestamp":"2026-04-20T13:33:25.949Z"}
{"details":{},"level":"info","message":"[FRONTEND] Lobby localStorage data","timestamp":"2026-04-20T13:33:25.951Z"}
{"level":"info","message":"Incoming request: POST /api/login","timestamp":"2026-04-20T13:33:34.112Z"}
{"level":"info","message":"Login correcto: Miniboo","timestamp":"2026-04-20T13:33:34.147Z"}
{"level":"info","message":"Incoming request: POST /api/logs","timestamp":"2026-04-20T13:33:34.244Z"}
{"details":"{\"_id\":\"69c406ff2da8eb819efff38c\",\"nom\":\"Joel\",\"cognom1\":\"Perez\",\"cognom2\":\"Gomez del Pulgar\",\"email\":\"adaw24jperez@inslaferreria.cat\",\"username\":\"Miniboo\",\"imatge\":\"https://res.cloudinary.com/dcknfjzss/image/upload/v1776691271/bvcxjwv4hsfcqxvwr6v4.jpg\",\"rol\":\"admin\",\"createdAt\":\"2026-03-25T16:02:07.374Z\",\"updatedAt\":\"2026-04-20T13:21:11.352Z\",\"__v\":0,\"token\":\"eyJhbGciOiJIUzI1NiIsInR5cCI6IkpXVCJ9.eyJpZCI6IjY5YzQwNmZmMmRhOGViODE5ZWZmZjM4YyIsInJvbCI6ImFkbWluIiwiaWF0IjoxNzc2NjkyMDE0LCJleHAiOjE3NzY2OTI5MTR9.fhEsQDMObyNjKVPGOSRjC2KKJYCgPDqPnmSxVS6w3fE\"}","level":"info","message":"[FRONTEND] Lobby localStorage data","timestamp":"2026-04-20T13:33:34.245Z"}
{"level":"info","message":"Incoming request: POST /api/logs","timestamp":"2026-04-20T13:33:34.251Z"}
{"details":{"__v":0,"_id":"69c406ff2da8eb819efff38c","cognom1":"Perez","cognom2":"Gomez del Pulgar","createdAt":"2026-03-25T16:02:07.374Z","email":"adaw24jperez@inslaferreria.cat","imatge":"https://res.cloudinary.com/dcknfjzss/image/upload/v1776691271/bvcxjwv4hsfcqxvwr6v4.jpg","nom":"Joel","rol":"admin","token":"eyJhbGciOiJIUzI1NiIsInR5cCI6IkpXVCJ9.eyJpZCI6IjY5YzQwNmZmMmRhOGViODE5ZWZmZjM4YyIsInJvbCI6ImFkbWluIiwiaWF0IjoxNzc2NjkyMDE0LCJleHAiOjE3NzY2OTI5MTR9.fhEsQDMObyNjKVPGOSRjC2KKJYCgPDqPnmSxVS6w3fE","updatedAt":"2026-04-20T13:21:11.352Z","username":"Miniboo"},"level":"info","message":"[FRONTEND] Parsed Lobby data","timestamp":"2026-04-20T13:33:34.252Z"}
{"level":"info","message":"Incoming request: POST /api/logs","timestamp":"2026-04-20T13:33:34.254Z"}
{"details":"admin","level":"info","message":"[FRONTEND] Current role in Lobby","timestamp":"2026-04-20T13:33:34.255Z"}
{"level":"info","message":"Incoming request: GET /api/dashboard","timestamp":"2026-04-20T13:33:34.257Z"}
{"level":"info","message":"Incoming request: POST /api/login","timestamp":"2026-04-20T13:35:13.330Z"}
{"level":"info","message":"Login correcto: Miniboo","timestamp":"2026-04-20T13:35:13.365Z"}
{"level":"info","message":"Incoming request: POST /api/logs","timestamp":"2026-04-20T13:35:13.462Z"}
{"details":"{\"_id\":\"69c406ff2da8eb819efff38c\",\"nom\":\"Joel\",\"cognom1\":\"Perez\",\"cognom2\":\"Gomez del Pulgar\",\"email\":\"adaw24jperez@inslaferreria.cat\",\"username\":\"Miniboo\",\"imatge\":\"https://res.cloudinary.com/dcknfjzss/image/upload/v1776691271/bvcxjwv4hsfcqxvwr6v4.jpg\",\"rol\":\"admin\",\"createdAt\":\"2026-03-25T16:02:07.374Z\",\"updatedAt\":\"2026-04-20T13:21:11.352Z\",\"__v\":0,\"token\":\"eyJhbGciOiJIUzI1NiIsInR5cCI6IkpXVCJ9.eyJpZCI6IjY5YzQwNmZmMmRhOGViODE5ZWZmZjM4YyIsInJvbCI6ImFkbWluIiwiaWF0IjoxNzc2NjkyMTEzLCJleHAiOjE3NzY2OTMwMTN9.P7PL9L6YkwihwXSQIDt0yeuBK_1aYn4KC8wLjr9ur-I\"}","level":"info","message":"[FRONTEND] Lobby localStorage data","timestamp":"2026-04-20T13:35:13.463Z"}
{"level":"info","message":"Incoming request: POST /api/logs","timestamp":"2026-04-20T13:35:13.466Z"}
{"details":{"__v":0,"_id":"69c406ff2da8eb819efff38c","cognom1":"Perez","cognom2":"Gomez del Pulgar","createdAt":"2026-03-25T16:02:07.374Z","email":"adaw24jperez@inslaferreria.cat","imatge":"https://res.cloudinary.com/dcknfjzss/image/upload/v1776691271/bvcxjwv4hsfcqxvwr6v4.jpg","nom":"Joel","rol":"admin","token":"eyJhbGciOiJIUzI1NiIsInR5cCI6IkpXVCJ9.eyJpZCI6IjY5YzQwNmZmMmRhOGViODE5ZWZmZjM4YyIsInJvbCI6ImFkbWluIiwiaWF0IjoxNzc2NjkyMTEzLCJleHAiOjE3NzY2OTMwMTN9.P7PL9L6YkwihwXSQIDt0yeuBK_1aYn4KC8wLjr9ur-I","updatedAt":"2026-04-20T13:21:11.352Z","username":"Miniboo"},"level":"info","message":"[FRONTEND] Parsed Lobby data","timestamp":"2026-04-20T13:35:13.467Z"}
{"level":"info","message":"Incoming request: POST /api/logs","timestamp":"2026-04-20T13:35:13.469Z"}
{"details":"admin","level":"info","message":"[FRONTEND] Current role in Lobby","timestamp":"2026-04-20T13:35:13.470Z"}
{"level":"info","message":"Incoming request: GET /api/dashboard","timestamp":"2026-04-20T13:35:13.472Z"}
{"level":"info","message":"Incoming request: POST /api/login","timestamp":"2026-04-20T13:35:20.834Z"}
{"level":"info","message":"Login correcto: Miniboo","timestamp":"2026-04-20T13:35:20.867Z"}
{"level":"info","message":"Incoming request: POST /api/logs","timestamp":"2026-04-20T13:35:20.931Z"}
{"details":"{\"_id\":\"69c406ff2da8eb819efff38c\",\"nom\":\"Joel\",\"cognom1\":\"Perez\",\"cognom2\":\"Gomez del Pulgar\",\"email\":\"adaw24jperez@inslaferreria.cat\",\"username\":\"Miniboo\",\"imatge\":\"https://res.cloudinary.com/dcknfjzss/image/upload/v1776691271/bvcxjwv4hsfcqxvwr6v4.jpg\",\"rol\":\"admin\",\"createdAt\":\"2026-03-25T16:02:07.374Z\",\"updatedAt\":\"2026-04-20T13:21:11.352Z\",\"__v\":0,\"token\":\"eyJhbGciOiJIUzI1NiIsInR5cCI6IkpXVCJ9.eyJpZCI6IjY5YzQwNmZmMmRhOGViODE5ZWZmZjM4YyIsInJvbCI6ImFkbWluIiwiaWF0IjoxNzc2NjkyMTIwLCJleHAiOjE3NzY2OTMwMjB9.ERFPQCaQ6rWPCKNP7Y2Q6b6Nwjez-UJceDcIZZ3YKfY\"}","level":"info","message":"[FRONTEND] Lobby localStorage data","timestamp":"2026-04-20T13:35:20.931Z"}
{"level":"info","message":"Incoming request: POST /api/logs","timestamp":"2026-04-20T13:35:20.933Z"}
{"details":{"__v":0,"_id":"69c406ff2da8eb819efff38c","cognom1":"Perez","cognom2":"Gomez del Pulgar","createdAt":"2026-03-25T16:02:07.374Z","email":"adaw24jperez@inslaferreria.cat","imatge":"https://res.cloudinary.com/dcknfjzss/image/upload/v1776691271/bvcxjwv4hsfcqxvwr6v4.jpg","nom":"Joel","rol":"admin","token":"eyJhbGciOiJIUzI1NiIsInR5cCI6IkpXVCJ9.eyJpZCI6IjY5YzQwNmZmMmRhOGViODE5ZWZmZjM4YyIsInJvbCI6ImFkbWluIiwiaWF0IjoxNzc2NjkyMTIwLCJleHAiOjE3NzY2OTMwMjB9.ERFPQCaQ6rWPCKNP7Y2Q6b6Nwjez-UJceDcIZZ3YKfY","updatedAt":"2026-04-20T13:21:11.352Z","username":"Miniboo"},"level":"info","message":"[FRONTEND] Parsed Lobby data","timestamp":"2026-04-20T13:35:20.933Z"}
{"level":"info","message":"Incoming request: POST /api/logs","timestamp":"2026-04-20T13:35:20.935Z"}
{"details":"admin","level":"info","message":"[FRONTEND] Current role in Lobby","timestamp":"2026-04-20T13:35:20.936Z"}
{"level":"info","message":"Incoming request: GET /api/dashboard","timestamp":"2026-04-20T13:35:20.937Z"}
{"level":"info","message":"Incoming request: POST /api/logs","timestamp":"2026-04-20T13:36:24.845Z"}
{"details":"{\"_id\":\"69c406ff2da8eb819efff38c\",\"nom\":\"Joel\",\"cognom1\":\"Perez\",\"cognom2\":\"Gomez del Pulgar\",\"email\":\"adaw24jperez@inslaferreria.cat\",\"username\":\"Miniboo\",\"imatge\":\"https://res.cloudinary.com/dcknfjzss/image/upload/v1776691271/bvcxjwv4hsfcqxvwr6v4.jpg\",\"rol\":\"admin\",\"createdAt\":\"2026-03-25T16:02:07.374Z\",\"updatedAt\":\"2026-04-20T13:21:11.352Z\",\"__v\":0,\"token\":\"eyJhbGciOiJIUzI1NiIsInR5cCI6IkpXVCJ9.eyJpZCI6IjY5YzQwNmZmMmRhOGViODE5ZWZmZjM4YyIsInJvbCI6ImFkbWluIiwiaWF0IjoxNzc2NjkyMTIwLCJleHAiOjE3NzY2OTMwMjB9.ERFPQCaQ6rWPCKNP7Y2Q6b6Nwjez-UJceDcIZZ3YKfY\"}","level":"info","message":"[FRONTEND] Lobby localStorage data","timestamp":"2026-04-20T13:36:24.846Z"}
{"level":"info","message":"Incoming request: POST /api/logs","timestamp":"2026-04-20T13:36:24.849Z"}
{"details":{"__v":0,"_id":"69c406ff2da8eb819efff38c","cognom1":"Perez","cognom2":"Gomez del Pulgar","createdAt":"2026-03-25T16:02:07.374Z","email":"adaw24jperez@inslaferreria.cat","imatge":"https://res.cloudinary.com/dcknfjzss/image/upload/v1776691271/bvcxjwv4hsfcqxvwr6v4.jpg","nom":"Joel","rol":"admin","token":"eyJhbGciOiJIUzI1NiIsInR5cCI6IkpXVCJ9.eyJpZCI6IjY5YzQwNmZmMmRhOGViODE5ZWZmZjM4YyIsInJvbCI6ImFkbWluIiwiaWF0IjoxNzc2NjkyMTIwLCJleHAiOjE3NzY2OTMwMjB9.ERFPQCaQ6rWPCKNP7Y2Q6b6Nwjez-UJceDcIZZ3YKfY","updatedAt":"2026-04-20T13:21:11.352Z","username":"Miniboo"},"level":"info","message":"[FRONTEND] Parsed Lobby data","timestamp":"2026-04-20T13:36:24.853Z"}
{"level":"info","message":"Incoming request: POST /api/logs","timestamp":"2026-04-20T13:36:24.858Z"}
{"details":"admin","level":"info","message":"[FRONTEND] Current role in Lobby","timestamp":"2026-04-20T13:36:24.862Z"}
{"level":"info","message":"Incoming request: GET /api/dashboard","timestamp":"2026-04-20T13:36:24.866Z"}
{"level":"info","message":"Incoming request: POST /api/logs","timestamp":"2026-04-20T13:36:28.644Z"}
{"details":{},"level":"info","message":"[FRONTEND] Lobby localStorage data","timestamp":"2026-04-20T13:36:28.645Z"}
{"level":"info","message":"Incoming request: GET /api/dashboard","timestamp":"2026-04-20T13:36:28.646Z"}
{"level":"info","message":"Incoming request: POST /api/logs","timestamp":"2026-04-20T13:36:28.699Z"}
{"details":{"error":{"error":"Token no válido"},"headers":{"lazyUpdate":null,"normalizedNames":{}},"message":"Http failure response for http://localhost:5100/api/dashboard: 401 Unauthorized","name":"HttpErrorResponse","ok":false,"status":401,"statusText":"Unauthorized","url":"http://localhost:5100/api/dashboard"},"level":"error","message":"[FRONTEND] Error loading dashboard data","timestamp":"2026-04-20T13:36:28.700Z"}
{"level":"info","message":"Incoming request: POST /api/login","timestamp":"2026-04-20T13:36:34.643Z"}
{"level":"info","message":"Login correcto: Miniboo","timestamp":"2026-04-20T13:36:34.677Z"}
{"level":"info","message":"Incoming request: POST /api/logs","timestamp":"2026-04-20T13:36:34.758Z"}
{"details":"{\"_id\":\"69c406ff2da8eb819efff38c\",\"nom\":\"Joel\",\"cognom1\":\"Perez\",\"cognom2\":\"Gomez del Pulgar\",\"email\":\"adaw24jperez@inslaferreria.cat\",\"username\":\"Miniboo\",\"imatge\":\"https://res.cloudinary.com/dcknfjzss/image/upload/v1776691271/bvcxjwv4hsfcqxvwr6v4.jpg\",\"rol\":\"admin\",\"createdAt\":\"2026-03-25T16:02:07.374Z\",\"updatedAt\":\"2026-04-20T13:21:11.352Z\",\"__v\":0,\"token\":\"eyJhbGciOiJIUzI1NiIsInR5cCI6IkpXVCJ9.eyJpZCI6IjY5YzQwNmZmMmRhOGViODE5ZWZmZjM4YyIsInJvbCI6ImFkbWluIiwiaWF0IjoxNzc2NjkyMTk0LCJleHAiOjE3NzY2OTMwOTR9.5RYwesSWz1AAU7zbz0tgpYy2K7VJDNjJyMBSR15GmLA\"}","level":"info","message":"[FRONTEND] Lobby localStorage data","timestamp":"2026-04-20T13:36:34.759Z"}
{"level":"info","message":"Incoming request: POST /api/logs","timestamp":"2026-04-20T13:36:34.761Z"}
{"details":{"__v":0,"_id":"69c406ff2da8eb819efff38c","cognom1":"Perez","cognom2":"Gomez del Pulgar","createdAt":"2026-03-25T16:02:07.374Z","email":"adaw24jperez@inslaferreria.cat","imatge":"https://res.cloudinary.com/dcknfjzss/image/upload/v1776691271/bvcxjwv4hsfcqxvwr6v4.jpg","nom":"Joel","rol":"admin","token":"eyJhbGciOiJIUzI1NiIsInR5cCI6IkpXVCJ9.eyJpZCI6IjY5YzQwNmZmMmRhOGViODE5ZWZmZjM4YyIsInJvbCI6ImFkbWluIiwiaWF0IjoxNzc2NjkyMTk0LCJleHAiOjE3NzY2OTMwOTR9.5RYwesSWz1AAU7zbz0tgpYy2K7VJDNjJyMBSR15GmLA","updatedAt":"2026-04-20T13:21:11.352Z","username":"Miniboo"},"level":"info","message":"[FRONTEND] Parsed Lobby data","timestamp":"2026-04-20T13:36:34.761Z"}
{"level":"info","message":"Incoming request: POST /api/logs","timestamp":"2026-04-20T13:36:34.768Z"}
{"details":"admin","level":"info","message":"[FRONTEND] Current role in Lobby","timestamp":"2026-04-20T13:36:34.769Z"}
{"level":"info","message":"Incoming request: GET /api/dashboard","timestamp":"2026-04-20T13:36:34.771Z"}
{"level":"info","message":"Incoming request: POST /api/logs","timestamp":"2026-04-20T13:36:39.950Z"}
{"details":{},"level":"info","message":"[FRONTEND] Lobby localStorage data","timestamp":"2026-04-20T13:36:39.950Z"}
{"level":"info","message":"Incoming request: GET /api/dashboard","timestamp":"2026-04-20T13:36:39.952Z"}
{"level":"info","message":"Incoming request: POST /api/logs","timestamp":"2026-04-20T13:36:39.965Z"}
{"details":{"error":{"error":"Token no válido"},"headers":{"lazyUpdate":null,"normalizedNames":{}},"message":"Http failure response for http://localhost:5100/api/dashboard: 401 Unauthorized","name":"HttpErrorResponse","ok":false,"status":401,"statusText":"Unauthorized","url":"http://localhost:5100/api/dashboard"},"level":"error","message":"[FRONTEND] Error loading dashboard data","timestamp":"2026-04-20T13:36:39.966Z"}
{"level":"info","message":"Incoming request: POST /api/logs","timestamp":"2026-04-20T13:36:41.161Z"}
{"details":{},"level":"info","message":"[FRONTEND] Lobby localStorage data","timestamp":"2026-04-20T13:36:41.161Z"}
{"level":"info","message":"Incoming request: GET /api/dashboard","timestamp":"2026-04-20T13:36:41.163Z"}
{"level":"info","message":"Incoming request: POST /api/logs","timestamp":"2026-04-20T13:36:41.199Z"}
{"details":{"error":{"error":"Token no válido"},"headers":{"lazyUpdate":null,"normalizedNames":{}},"message":"Http failure response for http://localhost:5100/api/dashboard: 401 Unauthorized","name":"HttpErrorResponse","ok":false,"status":401,"statusText":"Unauthorized","url":"http://localhost:5100/api/dashboard"},"level":"error","message":"[FRONTEND] Error loading dashboard data","timestamp":"2026-04-20T13:36:41.200Z"}
{"level":"info","message":"Incoming request: POST /api/login","timestamp":"2026-04-20T13:36:44.401Z"}
{"level":"warn","message":"Login fallido: credenciales incorrectas para ","timestamp":"2026-04-20T13:36:44.439Z"}
{"level":"info","message":"Incoming request: POST /api/logs","timestamp":"2026-04-20T13:36:45.715Z"}
{"details":{"error":{"msg":"Usuari o contrasenya incorrectes","ok":false},"headers":{"lazyUpdate":null,"normalizedNames":{}},"message":"Http failure response for http://localhost:5100/api/login: 401 Unauthorized","name":"HttpErrorResponse","ok":false,"status":401,"statusText":"Unauthorized","url":"http://localhost:5100/api/login"},"level":"error","message":"[FRONTEND] Login error","timestamp":"2026-04-20T13:36:45.716Z"}
{"level":"info","message":"Incoming request: POST /api/login","timestamp":"2026-04-20T13:36:49.967Z"}
{"level":"info","message":"Login correcto: Miniboo","timestamp":"2026-04-20T13:36:50.002Z"}
{"level":"info","message":"Incoming request: POST /api/logs","timestamp":"2026-04-20T13:36:50.065Z"}
{"details":"{\"_id\":\"69c406ff2da8eb819efff38c\",\"nom\":\"Joel\",\"cognom1\":\"Perez\",\"cognom2\":\"Gomez del Pulgar\",\"email\":\"adaw24jperez@inslaferreria.cat\",\"username\":\"Miniboo\",\"imatge\":\"https://res.cloudinary.com/dcknfjzss/image/upload/v1776691271/bvcxjwv4hsfcqxvwr6v4.jpg\",\"rol\":\"admin\",\"createdAt\":\"2026-03-25T16:02:07.374Z\",\"updatedAt\":\"2026-04-20T13:21:11.352Z\",\"__v\":0,\"token\":\"eyJhbGciOiJIUzI1NiIsInR5cCI6IkpXVCJ9.eyJpZCI6IjY5YzQwNmZmMmRhOGViODE5ZWZmZjM4YyIsInJvbCI6ImFkbWluIiwiaWF0IjoxNzc2NjkyMjEwLCJleHAiOjE3NzY2OTMxMTB9.uEbwP6vo0Xw3YEXglGsfcN5RZixszrpqpMdtt2lMwXw\"}","level":"info","message":"[FRONTEND] Lobby localStorage data","timestamp":"2026-04-20T13:36:50.066Z"}
{"level":"info","message":"Incoming request: POST /api/logs","timestamp":"2026-04-20T13:36:50.071Z"}
{"details":{"__v":0,"_id":"69c406ff2da8eb819efff38c","cognom1":"Perez","cognom2":"Gomez del Pulgar","createdAt":"2026-03-25T16:02:07.374Z","email":"adaw24jperez@inslaferreria.cat","imatge":"https://res.cloudinary.com/dcknfjzss/image/upload/v1776691271/bvcxjwv4hsfcqxvwr6v4.jpg","nom":"Joel","rol":"admin","token":"eyJhbGciOiJIUzI1NiIsInR5cCI6IkpXVCJ9.eyJpZCI6IjY5YzQwNmZmMmRhOGViODE5ZWZmZjM4YyIsInJvbCI6ImFkbWluIiwiaWF0IjoxNzc2NjkyMjEwLCJleHAiOjE3NzY2OTMxMTB9.uEbwP6vo0Xw3YEXglGsfcN5RZixszrpqpMdtt2lMwXw","updatedAt":"2026-04-20T13:21:11.352Z","username":"Miniboo"},"level":"info","message":"[FRONTEND] Parsed Lobby data","timestamp":"2026-04-20T13:36:50.072Z"}
{"level":"info","message":"Incoming request: POST /api/logs","timestamp":"2026-04-20T13:36:50.079Z"}
{"details":"admin","level":"info","message":"[FRONTEND] Current role in Lobby","timestamp":"2026-04-20T13:36:50.080Z"}
{"level":"info","message":"Incoming request: GET /api/dashboard","timestamp":"2026-04-20T13:36:50.105Z"}
{"level":"info","message":"Incoming request: GET /api/dashboard","timestamp":"2026-04-20T13:36:54.919Z"}
{"level":"info","message":"Incoming request: POST /api/logs","timestamp":"2026-04-20T13:36:54.921Z"}
{"details":{},"level":"info","message":"[FRONTEND] Lobby localStorage data","timestamp":"2026-04-20T13:36:54.922Z"}
{"level":"info","message":"Incoming request: POST /api/logs","timestamp":"2026-04-20T13:36:54.933Z"}
{"details":{"error":{"error":"Token no válido"},"headers":{"lazyUpdate":null,"normalizedNames":{}},"message":"Http failure response for http://localhost:5100/api/dashboard: 401 Unauthorized","name":"HttpErrorResponse","ok":false,"status":401,"statusText":"Unauthorized","url":"http://localhost:5100/api/dashboard"},"level":"error","message":"[FRONTEND] Error loading dashboard data","timestamp":"2026-04-20T13:36:54.933Z"}
{"level":"info","message":"Incoming request: POST /api/login","timestamp":"2026-04-20T13:37:02.169Z"}
{"level":"info","message":"Login correcto: Miniboo","timestamp":"2026-04-20T13:37:02.205Z"}
{"level":"info","message":"Incoming request: POST /api/logs","timestamp":"2026-04-20T13:37:02.278Z"}
{"details":"{\"_id\":\"69c406ff2da8eb819efff38c\",\"nom\":\"Joel\",\"cognom1\":\"Perez\",\"cognom2\":\"Gomez del Pulgar\",\"email\":\"adaw24jperez@inslaferreria.cat\",\"username\":\"Miniboo\",\"imatge\":\"https://res.cloudinary.com/dcknfjzss/image/upload/v1776691271/bvcxjwv4hsfcqxvwr6v4.jpg\",\"rol\":\"admin\",\"createdAt\":\"2026-03-25T16:02:07.374Z\",\"updatedAt\":\"2026-04-20T13:21:11.352Z\",\"__v\":0,\"token\":\"eyJhbGciOiJIUzI1NiIsInR5cCI6IkpXVCJ9.eyJpZCI6IjY5YzQwNmZmMmRhOGViODE5ZWZmZjM4YyIsInJvbCI6ImFkbWluIiwiaWF0IjoxNzc2NjkyMjIyLCJleHAiOjE3NzY2OTMxMjJ9.9iN77LvFmLsEqfL-YgKk7EDAZ7lVSCRD4x-DTfTurCM\"}","level":"info","message":"[FRONTEND] Lobby localStorage data","timestamp":"2026-04-20T13:37:02.278Z"}
{"level":"info","message":"Incoming request: POST /api/logs","timestamp":"2026-04-20T13:37:02.318Z"}
{"details":{"__v":0,"_id":"69c406ff2da8eb819efff38c","cognom1":"Perez","cognom2":"Gomez del Pulgar","createdAt":"2026-03-25T16:02:07.374Z","email":"adaw24jperez@inslaferreria.cat","imatge":"https://res.cloudinary.com/dcknfjzss/image/upload/v1776691271/bvcxjwv4hsfcqxvwr6v4.jpg","nom":"Joel","rol":"admin","token":"eyJhbGciOiJIUzI1NiIsInR5cCI6IkpXVCJ9.eyJpZCI6IjY5YzQwNmZmMmRhOGViODE5ZWZmZjM4YyIsInJvbCI6ImFkbWluIiwiaWF0IjoxNzc2NjkyMjIyLCJleHAiOjE3NzY2OTMxMjJ9.9iN77LvFmLsEqfL-YgKk7EDAZ7lVSCRD4x-DTfTurCM","updatedAt":"2026-04-20T13:21:11.352Z","username":"Miniboo"},"level":"info","message":"[FRONTEND] Parsed Lobby data","timestamp":"2026-04-20T13:37:02.319Z"}
{"level":"info","message":"Incoming request: POST /api/logs","timestamp":"2026-04-20T13:37:02.343Z"}
{"details":"admin","level":"info","message":"[FRONTEND] Current role in Lobby","timestamp":"2026-04-20T13:37:02.344Z"}
{"level":"info","message":"Incoming request: GET /api/dashboard","timestamp":"2026-04-20T13:37:02.346Z"}
{"level":"info","message":"Incoming request: POST /api/logs","timestamp":"2026-04-20T13:37:05.510Z"}
{"details":"{\"_id\":\"69c406ff2da8eb819efff38c\",\"nom\":\"Joel\",\"cognom1\":\"Perez\",\"cognom2\":\"Gomez del Pulgar\",\"email\":\"adaw24jperez@inslaferreria.cat\",\"username\":\"Miniboo\",\"imatge\":\"https://res.cloudinary.com/dcknfjzss/image/upload/v1776691271/bvcxjwv4hsfcqxvwr6v4.jpg\",\"rol\":\"admin\",\"createdAt\":\"2026-03-25T16:02:07.374Z\",\"updatedAt\":\"2026-04-20T13:21:11.352Z\",\"__v\":0,\"token\":\"eyJhbGciOiJIUzI1NiIsInR5cCI6IkpXVCJ9.eyJpZCI6IjY5YzQwNmZmMmRhOGViODE5ZWZmZjM4YyIsInJvbCI6ImFkbWluIiwiaWF0IjoxNzc2NjkyMjIyLCJleHAiOjE3NzY2OTMxMjJ9.9iN77LvFmLsEqfL-YgKk7EDAZ7lVSCRD4x-DTfTurCM\"}","level":"info","message":"[FRONTEND] Lobby localStorage data","timestamp":"2026-04-20T13:37:05.513Z"}
{"level":"info","message":"Incoming request: POST /api/logs","timestamp":"2026-04-20T13:37:05.521Z"}
{"details":{"__v":0,"_id":"69c406ff2da8eb819efff38c","cognom1":"Perez","cognom2":"Gomez del Pulgar","createdAt":"2026-03-25T16:02:07.374Z","email":"adaw24jperez@inslaferreria.cat","imatge":"https://res.cloudinary.com/dcknfjzss/image/upload/v1776691271/bvcxjwv4hsfcqxvwr6v4.jpg","nom":"Joel","rol":"admin","token":"eyJhbGciOiJIUzI1NiIsInR5cCI6IkpXVCJ9.eyJpZCI6IjY5YzQwNmZmMmRhOGViODE5ZWZmZjM4YyIsInJvbCI6ImFkbWluIiwiaWF0IjoxNzc2NjkyMjIyLCJleHAiOjE3NzY2OTMxMjJ9.9iN77LvFmLsEqfL-YgKk7EDAZ7lVSCRD4x-DTfTurCM","updatedAt":"2026-04-20T13:21:11.352Z","username":"Miniboo"},"level":"info","message":"[FRONTEND] Parsed Lobby data","timestamp":"2026-04-20T13:37:05.522Z"}
{"level":"info","message":"Incoming request: POST /api/logs","timestamp":"2026-04-20T13:37:05.528Z"}
{"details":"admin","level":"info","message":"[FRONTEND] Current role in Lobby","timestamp":"2026-04-20T13:37:05.529Z"}
{"level":"info","message":"Incoming request: GET /api/dashboard","timestamp":"2026-04-20T13:37:05.533Z"}
{"level":"info","message":"Incoming request: POST /api/logs","timestamp":"2026-04-20T13:37:06.609Z"}
{"details":"{\"_id\":\"69c406ff2da8eb819efff38c\",\"nom\":\"Joel\",\"cognom1\":\"Perez\",\"cognom2\":\"Gomez del Pulgar\",\"email\":\"adaw24jperez@inslaferreria.cat\",\"username\":\"Miniboo\",\"imatge\":\"https://res.cloudinary.com/dcknfjzss/image/upload/v1776691271/bvcxjwv4hsfcqxvwr6v4.jpg\",\"rol\":\"admin\",\"createdAt\":\"2026-03-25T16:02:07.374Z\",\"updatedAt\":\"2026-04-20T13:21:11.352Z\",\"__v\":0,\"token\":\"eyJhbGciOiJIUzI1NiIsInR5cCI6IkpXVCJ9.eyJpZCI6IjY5YzQwNmZmMmRhOGViODE5ZWZmZjM4YyIsInJvbCI6ImFkbWluIiwiaWF0IjoxNzc2NjkyMjIyLCJleHAiOjE3NzY2OTMxMjJ9.9iN77LvFmLsEqfL-YgKk7EDAZ7lVSCRD4x-DTfTurCM\"}","level":"info","message":"[FRONTEND] Lobby localStorage data","timestamp":"2026-04-20T13:37:06.610Z"}
{"level":"info","message":"Incoming request: POST /api/logs","timestamp":"2026-04-20T13:37:06.615Z"}
{"details":{"__v":0,"_id":"69c406ff2da8eb819efff38c","cognom1":"Perez","cognom2":"Gomez del Pulgar","createdAt":"2026-03-25T16:02:07.374Z","email":"adaw24jperez@inslaferreria.cat","imatge":"https://res.cloudinary.com/dcknfjzss/image/upload/v1776691271/bvcxjwv4hsfcqxvwr6v4.jpg","nom":"Joel","rol":"admin","token":"eyJhbGciOiJIUzI1NiIsInR5cCI6IkpXVCJ9.eyJpZCI6IjY5YzQwNmZmMmRhOGViODE5ZWZmZjM4YyIsInJvbCI6ImFkbWluIiwiaWF0IjoxNzc2NjkyMjIyLCJleHAiOjE3NzY2OTMxMjJ9.9iN77LvFmLsEqfL-YgKk7EDAZ7lVSCRD4x-DTfTurCM","updatedAt":"2026-04-20T13:21:11.352Z","username":"Miniboo"},"level":"info","message":"[FRONTEND] Parsed Lobby data","timestamp":"2026-04-20T13:37:06.616Z"}
{"level":"info","message":"Incoming request: POST /api/logs","timestamp":"2026-04-20T13:37:06.619Z"}
{"details":"admin","level":"info","message":"[FRONTEND] Current role in Lobby","timestamp":"2026-04-20T13:37:06.619Z"}
{"level":"info","message":"Incoming request: GET /api/dashboard","timestamp":"2026-04-20T13:37:06.620Z"}
{"level":"info","message":"Incoming request: POST /api/logs","timestamp":"2026-04-20T13:37:07.920Z"}
{"details":{},"level":"info","message":"[FRONTEND] Lobby localStorage data","timestamp":"2026-04-20T13:37:07.920Z"}
{"level":"info","message":"Incoming request: GET /api/dashboard","timestamp":"2026-04-20T13:37:07.921Z"}
{"level":"info","message":"Incoming request: POST /api/logs","timestamp":"2026-04-20T13:37:07.945Z"}
{"details":{"error":{"error":"Token no válido"},"headers":{"lazyUpdate":null,"normalizedNames":{}},"message":"Http failure response for http://localhost:5100/api/dashboard: 401 Unauthorized","name":"HttpErrorResponse","ok":false,"status":401,"statusText":"Unauthorized","url":"http://localhost:5100/api/dashboard"},"level":"error","message":"[FRONTEND] Error loading dashboard data","timestamp":"2026-04-20T13:37:07.945Z"}
{"level":"info","message":"Incoming request: POST /api/logs","timestamp":"2026-04-20T13:37:08.637Z"}
{"details":{},"level":"info","message":"[FRONTEND] Lobby localStorage data","timestamp":"2026-04-20T13:37:08.637Z"}
{"level":"info","message":"Incoming request: GET /api/dashboard","timestamp":"2026-04-20T13:37:08.639Z"}
{"level":"info","message":"Incoming request: POST /api/logs","timestamp":"2026-04-20T13:37:08.656Z"}
{"details":{"error":{"error":"Token no válido"},"headers":{"lazyUpdate":null,"normalizedNames":{}},"message":"Http failure response for http://localhost:5100/api/dashboard: 401 Unauthorized","name":"HttpErrorResponse","ok":false,"status":401,"statusText":"Unauthorized","url":"http://localhost:5100/api/dashboard"},"level":"error","message":"[FRONTEND] Error loading dashboard data","timestamp":"2026-04-20T13:37:08.657Z"}
{"level":"info","message":"Incoming request: POST /api/logs","timestamp":"2026-04-20T13:37:09.008Z"}
{"details":{},"level":"info","message":"[FRONTEND] Lobby localStorage data","timestamp":"2026-04-20T13:37:09.009Z"}
{"level":"info","message":"Incoming request: GET /api/dashboard","timestamp":"2026-04-20T13:37:09.018Z"}
{"level":"info","message":"Incoming request: POST /api/logs","timestamp":"2026-04-20T13:37:09.040Z"}
{"details":{"error":{"error":"Token no válido"},"headers":{"lazyUpdate":null,"normalizedNames":{}},"message":"Http failure response for http://localhost:5100/api/dashboard: 401 Unauthorized","name":"HttpErrorResponse","ok":false,"status":401,"statusText":"Unauthorized","url":"http://localhost:5100/api/dashboard"},"level":"error","message":"[FRONTEND] Error loading dashboard data","timestamp":"2026-04-20T13:37:09.041Z"}
{"level":"info","message":"Incoming request: POST /api/logs","timestamp":"2026-04-20T13:37:13.711Z"}
{"details":{},"level":"info","message":"[FRONTEND] Lobby localStorage data","timestamp":"2026-04-20T13:37:13.711Z"}
{"level":"info","message":"Incoming request: GET /api/dashboard","timestamp":"2026-04-20T13:37:13.712Z"}
{"level":"info","message":"Incoming request: POST /api/logs","timestamp":"2026-04-20T13:37:13.733Z"}
{"details":{"error":{"error":"Token no válido"},"headers":{"lazyUpdate":null,"normalizedNames":{}},"message":"Http failure response for http://localhost:5100/api/dashboard: 401 Unauthorized","name":"HttpErrorResponse","ok":false,"status":401,"statusText":"Unauthorized","url":"http://localhost:5100/api/dashboard"},"level":"error","message":"[FRONTEND] Error loading dashboard data","timestamp":"2026-04-20T13:37:13.734Z"}
{"level":"info","message":"Incoming request: POST /api/login","timestamp":"2026-04-20T13:37:29.417Z"}
{"level":"info","message":"Login correcto: Miniboo","timestamp":"2026-04-20T13:37:29.452Z"}
{"level":"info","message":"Incoming request: POST /api/logs","timestamp":"2026-04-20T13:37:29.537Z"}
{"details":"{\"_id\":\"69c406ff2da8eb819efff38c\",\"nom\":\"Joel\",\"cognom1\":\"Perez\",\"cognom2\":\"Gomez del Pulgar\",\"email\":\"adaw24jperez@inslaferreria.cat\",\"username\":\"Miniboo\",\"imatge\":\"https://res.cloudinary.com/dcknfjzss/image/upload/v1776691271/bvcxjwv4hsfcqxvwr6v4.jpg\",\"rol\":\"admin\",\"createdAt\":\"2026-03-25T16:02:07.374Z\",\"updatedAt\":\"2026-04-20T13:21:11.352Z\",\"__v\":0,\"token\":\"eyJhbGciOiJIUzI1NiIsInR5cCI6IkpXVCJ9.eyJpZCI6IjY5YzQwNmZmMmRhOGViODE5ZWZmZjM4YyIsInJvbCI6ImFkbWluIiwiaWF0IjoxNzc2NjkyMjQ5LCJleHAiOjE3NzY2OTMxNDl9.CxeQqJ51q1zwdKiqhyfLVhsd1cwQfCMqmggdJzQ0x44\"}","level":"info","message":"[FRONTEND] Lobby localStorage data","timestamp":"2026-04-20T13:37:29.537Z"}
{"level":"info","message":"Incoming request: POST /api/logs","timestamp":"2026-04-20T13:37:29.542Z"}
{"details":{"__v":0,"_id":"69c406ff2da8eb819efff38c","cognom1":"Perez","cognom2":"Gomez del Pulgar","createdAt":"2026-03-25T16:02:07.374Z","email":"adaw24jperez@inslaferreria.cat","imatge":"https://res.cloudinary.com/dcknfjzss/image/upload/v1776691271/bvcxjwv4hsfcqxvwr6v4.jpg","nom":"Joel","rol":"admin","token":"eyJhbGciOiJIUzI1NiIsInR5cCI6IkpXVCJ9.eyJpZCI6IjY5YzQwNmZmMmRhOGViODE5ZWZmZjM4YyIsInJvbCI6ImFkbWluIiwiaWF0IjoxNzc2NjkyMjQ5LCJleHAiOjE3NzY2OTMxNDl9.CxeQqJ51q1zwdKiqhyfLVhsd1cwQfCMqmggdJzQ0x44","updatedAt":"2026-04-20T13:21:11.352Z","username":"Miniboo"},"level":"info","message":"[FRONTEND] Parsed Lobby data","timestamp":"2026-04-20T13:37:29.542Z"}
{"level":"info","message":"Incoming request: POST /api/logs","timestamp":"2026-04-20T13:37:29.544Z"}
{"details":"admin","level":"info","message":"[FRONTEND] Current role in Lobby","timestamp":"2026-04-20T13:37:29.545Z"}
{"level":"info","message":"Incoming request: GET /api/dashboard","timestamp":"2026-04-20T13:37:29.546Z"}
{"level":"info","message":"Incoming request: POST /api/login","timestamp":"2026-04-20T13:38:25.872Z"}
{"level":"info","message":"Login correcto: Miniboo","timestamp":"2026-04-20T13:38:25.908Z"}
{"level":"info","message":"Incoming request: POST /api/logs","timestamp":"2026-04-20T13:38:25.960Z"}
{"details":"{\"_id\":\"69c406ff2da8eb819efff38c\",\"nom\":\"Joel\",\"cognom1\":\"Perez\",\"cognom2\":\"Gomez del Pulgar\",\"email\":\"adaw24jperez@inslaferreria.cat\",\"username\":\"Miniboo\",\"imatge\":\"https://res.cloudinary.com/dcknfjzss/image/upload/v1776691271/bvcxjwv4hsfcqxvwr6v4.jpg\",\"rol\":\"admin\",\"createdAt\":\"2026-03-25T16:02:07.374Z\",\"updatedAt\":\"2026-04-20T13:21:11.352Z\",\"__v\":0,\"token\":\"eyJhbGciOiJIUzI1NiIsInR5cCI6IkpXVCJ9.eyJpZCI6IjY5YzQwNmZmMmRhOGViODE5ZWZmZjM4YyIsInJvbCI6ImFkbWluIiwiaWF0IjoxNzc2NjkyMzA1LCJleHAiOjE3NzY2OTMyMDV9.WdssdsM6n1clJ2_3-ObLZP2yPTwTGY3ohIj-_rfAilk\"}","level":"info","message":"[FRONTEND] Lobby localStorage data","timestamp":"2026-04-20T13:38:25.960Z"}
{"level":"info","message":"Incoming request: POST /api/logs","timestamp":"2026-04-20T13:38:25.961Z"}
{"details":{"__v":0,"_id":"69c406ff2da8eb819efff38c","cognom1":"Perez","cognom2":"Gomez del Pulgar","createdAt":"2026-03-25T16:02:07.374Z","email":"adaw24jperez@inslaferreria.cat","imatge":"https://res.cloudinary.com/dcknfjzss/image/upload/v1776691271/bvcxjwv4hsfcqxvwr6v4.jpg","nom":"Joel","rol":"admin","token":"eyJhbGciOiJIUzI1NiIsInR5cCI6IkpXVCJ9.eyJpZCI6IjY5YzQwNmZmMmRhOGViODE5ZWZmZjM4YyIsInJvbCI6ImFkbWluIiwiaWF0IjoxNzc2NjkyMzA1LCJleHAiOjE3NzY2OTMyMDV9.WdssdsM6n1clJ2_3-ObLZP2yPTwTGY3ohIj-_rfAilk","updatedAt":"2026-04-20T13:21:11.352Z","username":"Miniboo"},"level":"info","message":"[FRONTEND] Parsed Lobby data","timestamp":"2026-04-20T13:38:25.962Z"}
{"level":"info","message":"Incoming request: POST /api/logs","timestamp":"2026-04-20T13:38:25.964Z"}
{"details":"admin","level":"info","message":"[FRONTEND] Current role in Lobby","timestamp":"2026-04-20T13:38:25.965Z"}
{"level":"info","message":"Incoming request: GET /api/dashboard","timestamp":"2026-04-20T13:38:25.967Z"}
{"level":"info","message":"Incoming request: GET /api/user","timestamp":"2026-04-20T13:38:30.506Z"}
{"level":"info","message":"Incoming request: GET /api/dashboard","timestamp":"2026-04-20T13:38:37.621Z"}
{"level":"info","message":"Incoming request: GET /api/user","timestamp":"2026-04-20T13:44:31.550Z"}
{"level":"info","message":"Servidor corriendose en el puerto 5100","timestamp":"2026-04-20T13:55:46.777Z"}
{"level":"info","message":"Servidor corriendose en el puerto 5100","timestamp":"2026-04-20T13:55:48.949Z"}
{"level":"info","message":"Servidor corriendose en el puerto 5100","timestamp":"2026-04-20T13:55:51.304Z"}
{"level":"info","message":"Servidor corriendose en el puerto 5100","timestamp":"2026-04-20T13:57:44.245Z"}
{"level":"info","message":"Incoming request: PUT /api/user/69c40bd050ae17753f8a0b08","timestamp":"2026-04-20T14:02:01.430Z"}
{"level":"info","message":"Incoming request: POST /api/logs","timestamp":"2026-04-20T14:02:06.731Z"}
{"details":"{\"_id\":\"69c406ff2da8eb819efff38c\",\"nom\":\"Joel\",\"cognom1\":\"Perez\",\"cognom2\":\"Gomez del Pulgar\",\"email\":\"adaw24jperez@inslaferreria.cat\",\"username\":\"Miniboo\",\"imatge\":\"https://res.cloudinary.com/dcknfjzss/image/upload/v1776691271/bvcxjwv4hsfcqxvwr6v4.jpg\",\"rol\":\"admin\",\"createdAt\":\"2026-03-25T16:02:07.374Z\",\"updatedAt\":\"2026-04-20T13:21:11.352Z\",\"__v\":0,\"token\":\"eyJhbGciOiJIUzI1NiIsInR5cCI6IkpXVCJ9.eyJpZCI6IjY5YzQwNmZmMmRhOGViODE5ZWZmZjM4YyIsInJvbCI6ImFkbWluIiwiaWF0IjoxNzc2NjkyMzA1LCJleHAiOjE3NzY2OTMyMDV9.WdssdsM6n1clJ2_3-ObLZP2yPTwTGY3ohIj-_rfAilk\"}","level":"info","message":"[FRONTEND] Lobby localStorage data","timestamp":"2026-04-20T14:02:06.733Z"}
{"level":"info","message":"Incoming request: POST /api/logs","timestamp":"2026-04-20T14:02:06.736Z"}
{"details":"admin","level":"info","message":"[FRONTEND] Current role in Lobby","timestamp":"2026-04-20T14:02:06.737Z"}
{"level":"info","message":"Incoming request: POST /api/logs","timestamp":"2026-04-20T14:02:06.743Z"}
{"details":{"__v":0,"_id":"69c406ff2da8eb819efff38c","cognom1":"Perez","cognom2":"Gomez del Pulgar","createdAt":"2026-03-25T16:02:07.374Z","email":"adaw24jperez@inslaferreria.cat","imatge":"https://res.cloudinary.com/dcknfjzss/image/upload/v1776691271/bvcxjwv4hsfcqxvwr6v4.jpg","nom":"Joel","rol":"admin","token":"eyJhbGciOiJIUzI1NiIsInR5cCI6IkpXVCJ9.eyJpZCI6IjY5YzQwNmZmMmRhOGViODE5ZWZmZjM4YyIsInJvbCI6ImFkbWluIiwiaWF0IjoxNzc2NjkyMzA1LCJleHAiOjE3NzY2OTMyMDV9.WdssdsM6n1clJ2_3-ObLZP2yPTwTGY3ohIj-_rfAilk","updatedAt":"2026-04-20T13:21:11.352Z","username":"Miniboo"},"level":"info","message":"[FRONTEND] Parsed Lobby data","timestamp":"2026-04-20T14:02:06.743Z"}
{"level":"info","message":"Incoming request: GET /api/user","timestamp":"2026-04-20T14:02:06.746Z"}
{"level":"info","message":"Incoming request: POST /api/logs","timestamp":"2026-04-20T14:02:06.763Z"}
{"details":{"error":{"error":"Token no válido"},"headers":{"lazyUpdate":null,"normalizedNames":{}},"message":"Http failure response for http://localhost:5100/api/user: 401 Unauthorized","name":"HttpErrorResponse","ok":false,"status":401,"statusText":"Unauthorized","url":"http://localhost:5100/api/user"},"level":"error","message":"[FRONTEND] Error loading users","timestamp":"2026-04-20T14:02:06.764Z"}
{"level":"info","message":"Incoming request: POST /api/login","timestamp":"2026-04-20T14:02:12.774Z"}
{"level":"info","message":"Login correcto: Miniboo","timestamp":"2026-04-20T14:02:12.832Z"}
{"level":"info","message":"Incoming request: POST /api/logs","timestamp":"2026-04-20T14:02:12.895Z"}
{"details":"{\"_id\":\"69c406ff2da8eb819efff38c\",\"nom\":\"Joel\",\"cognom1\":\"Perez\",\"cognom2\":\"Gomez del Pulgar\",\"email\":\"adaw24jperez@inslaferreria.cat\",\"username\":\"Miniboo\",\"imatge\":\"https://res.cloudinary.com/dcknfjzss/image/upload/v1776691271/bvcxjwv4hsfcqxvwr6v4.jpg\",\"rol\":\"admin\",\"createdAt\":\"2026-03-25T16:02:07.374Z\",\"updatedAt\":\"2026-04-20T13:21:11.352Z\",\"__v\":0,\"token\":\"eyJhbGciOiJIUzI1NiIsInR5cCI6IkpXVCJ9.eyJpZCI6IjY5YzQwNmZmMmRhOGViODE5ZWZmZjM4YyIsInJvbCI6ImFkbWluIiwiaWF0IjoxNzc2NjkzNzMyLCJleHAiOjE3NzY2OTQ2MzJ9.Z3VyQc087lN19gVMqOSqMnOn4UYu75zIWNTXZSD7z98\"}","level":"info","message":"[FRONTEND] Lobby localStorage data","timestamp":"2026-04-20T14:02:12.897Z"}
{"level":"info","message":"Incoming request: POST /api/logs","timestamp":"2026-04-20T14:02:12.899Z"}
{"details":{"__v":0,"_id":"69c406ff2da8eb819efff38c","cognom1":"Perez","cognom2":"Gomez del Pulgar","createdAt":"2026-03-25T16:02:07.374Z","email":"adaw24jperez@inslaferreria.cat","imatge":"https://res.cloudinary.com/dcknfjzss/image/upload/v1776691271/bvcxjwv4hsfcqxvwr6v4.jpg","nom":"Joel","rol":"admin","token":"eyJhbGciOiJIUzI1NiIsInR5cCI6IkpXVCJ9.eyJpZCI6IjY5YzQwNmZmMmRhOGViODE5ZWZmZjM4YyIsInJvbCI6ImFkbWluIiwiaWF0IjoxNzc2NjkzNzMyLCJleHAiOjE3NzY2OTQ2MzJ9.Z3VyQc087lN19gVMqOSqMnOn4UYu75zIWNTXZSD7z98","updatedAt":"2026-04-20T13:21:11.352Z","username":"Miniboo"},"level":"info","message":"[FRONTEND] Parsed Lobby data","timestamp":"2026-04-20T14:02:12.901Z"}
{"level":"info","message":"Incoming request: GET /api/dashboard","timestamp":"2026-04-20T14:02:12.909Z"}
{"level":"info","message":"Incoming request: POST /api/logs","timestamp":"2026-04-20T14:02:12.916Z"}
{"details":"admin","level":"info","message":"[FRONTEND] Current role in Lobby","timestamp":"2026-04-20T14:02:12.917Z"}
{"level":"info","message":"Incoming request: GET /api/user","timestamp":"2026-04-20T14:02:13.997Z"}
{"level":"info","message":"Incoming request: PUT /api/user/69c40bd050ae17753f8a0b08","timestamp":"2026-04-20T14:02:17.808Z"}
{"level":"info","message":"Usuario actualizado: 69c40bd050ae17753f8a0b08","timestamp":"2026-04-20T14:02:19.101Z"}
{"level":"info","message":"Incoming request: GET /api/user","timestamp":"2026-04-20T14:02:19.115Z"}
{"level":"info","message":"Servidor corriendose en el puerto 5100","timestamp":"2026-04-20T14:02:53.531Z"}
{"level":"info","message":"Servidor corriendose en el puerto 5100","timestamp":"2026-04-20T14:06:45.210Z"}
{"level":"info","message":"Incoming request: POST /api/email","timestamp":"2026-04-20T14:13:45.403Z"}
{"level":"info","message":"Incoming request: POST /api/logs","timestamp":"2026-04-20T14:13:47.233Z"}
{"details":{"msg":"Correu enviat amb èxit","ok":true},"level":"info","message":"[FRONTEND] ¡Correo enviado!","timestamp":"2026-04-20T14:13:47.239Z"}
{"level":"info","message":"Incoming request: GET /api/email","timestamp":"2026-04-20T14:15:06.482Z"}
{"level":"info","message":"Servidor corriendose en el puerto 5100","timestamp":"2026-04-20T14:15:54.408Z"}
{"level":"info","message":"Servidor corriendose en el puerto 5100","timestamp":"2026-04-20T14:16:47.059Z"}
{"level":"info","message":"Incoming request: POST /api/email","timestamp":"2026-04-20T14:17:36.476Z"}
{"level":"info","message":"Incoming request: POST /api/logs","timestamp":"2026-04-20T14:17:36.572Z"}
{"details":{"error":{"msg":"El correu no existeix","ok":false},"headers":{"lazyUpdate":null,"normalizedNames":{}},"message":"Http failure response for http://localhost:5100/api/email: 404 Not Found","name":"HttpErrorResponse","ok":false,"status":404,"statusText":"Not Found","url":"http://localhost:5100/api/email"},"level":"error","message":"[FRONTEND] Error desde el servidor","timestamp":"2026-04-20T14:17:36.575Z"}
{"level":"info","message":"Incoming request: POST /api/email","timestamp":"2026-04-20T14:17:49.998Z"}
{"level":"info","message":"Incoming request: POST /api/logs","timestamp":"2026-04-20T14:17:50.099Z"}
{"details":{"error":{"msg":"El correu no existeix","ok":false},"headers":{"lazyUpdate":null,"normalizedNames":{}},"message":"Http failure response for http://localhost:5100/api/email: 404 Not Found","name":"HttpErrorResponse","ok":false,"status":404,"statusText":"Not Found","url":"http://localhost:5100/api/email"},"level":"error","message":"[FRONTEND] Error desde el servidor","timestamp":"2026-04-20T14:17:50.100Z"}
{"level":"info","message":"Incoming request: POST /api/email","timestamp":"2026-04-20T14:18:00.075Z"}
{"level":"info","message":"Incoming request: POST /api/logs","timestamp":"2026-04-20T14:18:01.383Z"}
{"details":{"msg":"Correu enviat amb èxit","ok":true},"level":"info","message":"[FRONTEND] ¡Correo enviado!","timestamp":"2026-04-20T14:18:01.385Z"}
{"level":"info","message":"Incoming request: POST /api/email","timestamp":"2026-04-20T14:18:24.762Z"}
{"level":"info","message":"Incoming request: POST /api/logs","timestamp":"2026-04-20T14:18:26.240Z"}
{"details":{"msg":"Correu enviat amb èxit","ok":true},"level":"info","message":"[FRONTEND] ¡Correo enviado!","timestamp":"2026-04-20T14:18:26.241Z"}
{"level":"info","message":"Incoming request: POST /api/email","timestamp":"2026-04-20T14:18:44.160Z"}
{"level":"info","message":"Incoming request: POST /api/logs","timestamp":"2026-04-20T14:18:44.219Z"}
{"details":{"error":{"msg":"El correu no existeix","ok":false},"headers":{"lazyUpdate":null,"normalizedNames":{}},"message":"Http failure response for http://localhost:5100/api/email: 404 Not Found","name":"HttpErrorResponse","ok":false,"status":404,"statusText":"Not Found","url":"http://localhost:5100/api/email"},"level":"error","message":"[FRONTEND] Error desde el servidor","timestamp":"2026-04-20T14:18:44.219Z"}
{"level":"info","message":"Incoming request: POST /api/login","timestamp":"2026-04-20T14:19:22.139Z"}
{"level":"info","message":"Login correcto: Miniboo","timestamp":"2026-04-20T14:19:22.186Z"}
{"level":"info","message":"Incoming request: POST /api/logs","timestamp":"2026-04-20T14:19:22.251Z"}
{"details":"{\"_id\":\"69c406ff2da8eb819efff38c\",\"nom\":\"Joel\",\"cognom1\":\"Perez\",\"cognom2\":\"Gomez del Pulgar\",\"email\":\"adaw24jperez@inslaferreria.cat\",\"username\":\"Miniboo\",\"imatge\":\"https://res.cloudinary.com/dcknfjzss/image/upload/v1776691271/bvcxjwv4hsfcqxvwr6v4.jpg\",\"rol\":\"admin\",\"createdAt\":\"2026-03-25T16:02:07.374Z\",\"updatedAt\":\"2026-04-20T13:21:11.352Z\",\"__v\":0,\"token\":\"eyJhbGciOiJIUzI1NiIsInR5cCI6IkpXVCJ9.eyJpZCI6IjY5YzQwNmZmMmRhOGViODE5ZWZmZjM4YyIsInJvbCI6ImFkbWluIiwiaWF0IjoxNzc2Njk0NzYyLCJleHAiOjE3NzY2OTU2NjJ9.pCy62c26e3vLV3thjGvQIo5tz09AlTWbLr2MRKQoZGc\"}","level":"info","message":"[FRONTEND] Lobby localStorage data","timestamp":"2026-04-20T14:19:22.251Z"}
{"level":"info","message":"Incoming request: POST /api/logs","timestamp":"2026-04-20T14:19:22.253Z"}
{"details":{"__v":0,"_id":"69c406ff2da8eb819efff38c","cognom1":"Perez","cognom2":"Gomez del Pulgar","createdAt":"2026-03-25T16:02:07.374Z","email":"adaw24jperez@inslaferreria.cat","imatge":"https://res.cloudinary.com/dcknfjzss/image/upload/v1776691271/bvcxjwv4hsfcqxvwr6v4.jpg","nom":"Joel","rol":"admin","token":"eyJhbGciOiJIUzI1NiIsInR5cCI6IkpXVCJ9.eyJpZCI6IjY5YzQwNmZmMmRhOGViODE5ZWZmZjM4YyIsInJvbCI6ImFkbWluIiwiaWF0IjoxNzc2Njk0NzYyLCJleHAiOjE3NzY2OTU2NjJ9.pCy62c26e3vLV3thjGvQIo5tz09AlTWbLr2MRKQoZGc","updatedAt":"2026-04-20T13:21:11.352Z","username":"Miniboo"},"level":"info","message":"[FRONTEND] Parsed Lobby data","timestamp":"2026-04-20T14:19:22.255Z"}
{"level":"info","message":"Incoming request: POST /api/logs","timestamp":"2026-04-20T14:19:22.257Z"}
{"details":"admin","level":"info","message":"[FRONTEND] Current role in Lobby","timestamp":"2026-04-20T14:19:22.258Z"}
{"level":"info","message":"Incoming request: GET /api/dashboard","timestamp":"2026-04-20T14:19:22.262Z"}
{"level":"info","message":"Incoming request: GET /api/user","timestamp":"2026-04-20T14:19:23.443Z"}
{"level":"info","message":"Incoming request: PUT /api/user/69c408ab50ae17753f8a0b00","timestamp":"2026-04-20T14:19:30.551Z"}
{"level":"info","message":"Usuario actualizado: 69c408ab50ae17753f8a0b00","timestamp":"2026-04-20T14:19:30.651Z"}
{"level":"info","message":"Incoming request: GET /api/user","timestamp":"2026-04-20T14:19:30.679Z"}
{"level":"info","message":"Incoming request: PUT /api/user/69c40bd050ae17753f8a0b08","timestamp":"2026-04-20T14:19:36.631Z"}
{"level":"info","message":"Usuario actualizado: 69c40bd050ae17753f8a0b08","timestamp":"2026-04-20T14:19:36.681Z"}
{"level":"info","message":"Incoming request: GET /api/user","timestamp":"2026-04-20T14:19:36.700Z"}
{"level":"info","message":"Incoming request: POST /api/email","timestamp":"2026-04-20T14:19:43.648Z"}
{"level":"info","message":"Incoming request: POST /api/logs","timestamp":"2026-04-20T14:19:44.725Z"}
{"details":{"msg":"Correu enviat amb èxit","ok":true},"level":"info","message":"[FRONTEND] ¡Correo enviado!","timestamp":"2026-04-20T14:19:44.726Z"}
{"level":"info","message":"Servidor corriendose en el puerto 5100","timestamp":"2026-04-20T14:20:19.984Z"}
